<?xml version="1.0" encoding="UTF-8"?>
<!-- Generated by org.testng.reporters.JUnitReportReporter -->
<testsuite skipped="0" hostname="GYANESH-PC" name="qsp.DemoA" tests="1" failures="0" timestamp="10 Mar 2018 22:10:16 GMT" time="0.026" errors="0">
  <testcase name="testA" time="0.026" classname="qsp.DemoA"/>
</testsuite> <!-- qsp.DemoA -->
