<?xml version="1.0" encoding="UTF-8"?>
<!-- Generated by org.testng.reporters.JUnitReportReporter -->
<testsuite hostname="GYANESH-PC" name="qsp.DemoA" tests="1" failures="0" timestamp="17 Mar 2018 14:46:26 GMT" time="0.000" errors="0">
  <testcase name="testA" time="0.000" classname="qsp.DemoA"/>
</testsuite> <!-- qsp.DemoA -->
